app/build/outputs/logs/manifest-merger-release-report.txt
-- Merging decision tree log ---
manifest
ADDED from src/main/AndroidManifest.xml:2:1-210:12
	package
		ADDED from src/main/AndroidManifest.xml:3:5-31
		INJECTED from src/main/AndroidManifest.xml
		INJECTED from src/main/AndroidManifest.xml
	android:versionName
		INJECTED from src/main/AndroidManifest.xml
		INJECTED from src/main/AndroidManifest.xml
	xmlns:android
		ADDED from src/main/AndroidManifest.xml:2:11-69
	android:versionCode
		INJECTED from src/main/AndroidManifest.xml
		INJECTED from src/main/AndroidManifest.xml
uses-permission#android.permission.CALL_PHONE
ADDED from src/main/AndroidManifest.xml:5:5-69
	android:name
		ADDED from src/main/AndroidManifest.xml:5:22-66
uses-permission#android.permission.RECORD_AUDIO
ADDED from src/main/AndroidManifest.xml:6:5-71
	android:name
		ADDED from src/main/AndroidManifest.xml:6:22-68
uses-permission#android.permission.PROCESS_OUTGOING_CALLS
ADDED from src/main/AndroidManifest.xml:7:5-81
	android:name
		ADDED from src/main/AndroidManifest.xml:7:22-78
uses-permission#android.permission.WRITE_CALL_LOG
ADDED from src/main/AndroidManifest.xml:8:5-73
	android:name
		ADDED from src/main/AndroidManifest.xml:8:22-70
uses-permission#android.permission.WRITE_SMS
ADDED from src/main/AndroidManifest.xml:9:5-68
	android:name
		ADDED from src/main/AndroidManifest.xml:9:22-65
uses-permission#android.permission.READ_SMS
ADDED from src/main/AndroidManifest.xml:10:5-67
	android:name
		ADDED from src/main/AndroidManifest.xml:10:22-64
uses-permission#android.permission.READ_CONTACTS
ADDED from src/main/AndroidManifest.xml:11:5-72
	android:name
		ADDED from src/main/AndroidManifest.xml:11:22-69
uses-permission#android.permission.READ_CALL_LOG
ADDED from src/main/AndroidManifest.xml:12:5-72
	android:name
		ADDED from src/main/AndroidManifest.xml:12:22-69
uses-permission#android.permission.INTERNET
ADDED from src/main/AndroidManifest.xml:13:5-67
MERGED from [com.google.android.gms:play-services-gcm:8.4.0] AndroidManifest.xml:22:5-67
MERGED from [com.google.android.gms:play-services-measurement:8.4.0] AndroidManifest.xml:21:5-67
MERGED from [com.google.android.gms:play-services-maps:8.4.0] AndroidManifest.xml:21:5-66
	android:name
		ADDED from src/main/AndroidManifest.xml:13:22-64
uses-permission#android.permission.ACCESS_NETWORK_STATE
ADDED from src/main/AndroidManifest.xml:14:5-79
MERGED from [com.google.android.gms:play-services-measurement:8.4.0] AndroidManifest.xml:22:5-79
MERGED from [com.google.android.gms:play-services-maps:8.4.0] AndroidManifest.xml:20:5-78
	android:name
		ADDED from src/main/AndroidManifest.xml:14:22-76
uses-permission#android.permission.ACCESS_WIFI_STATE
ADDED from src/main/AndroidManifest.xml:15:5-76
	android:name
		ADDED from src/main/AndroidManifest.xml:15:22-73
uses-permission#android.permission.READ_PHONE_STATE
ADDED from src/main/AndroidManifest.xml:16:5-75
	android:name
		ADDED from src/main/AndroidManifest.xml:16:22-72
uses-permission#android.permission.MODIFY_AUDIO_SETTINGS
ADDED from src/main/AndroidManifest.xml:17:5-80
	android:name
		ADDED from src/main/AndroidManifest.xml:17:22-77
uses-permission#android.permission.RECEIVE_BOOT_COMPLETED
ADDED from src/main/AndroidManifest.xml:18:5-81
	android:name
		ADDED from src/main/AndroidManifest.xml:18:22-78
uses-permission#android.permission.VIBRATE
ADDED from src/main/AndroidManifest.xml:19:5-66
	android:name
		ADDED from src/main/AndroidManifest.xml:19:22-63
uses-permission#android.permission.WAKE_LOCK
ADDED from src/main/AndroidManifest.xml:20:5-68
MERGED from [com.google.android.gms:play-services-measurement:8.4.0] AndroidManifest.xml:24:5-67
	android:name
		ADDED from src/main/AndroidManifest.xml:20:22-65
uses-permission#android.permission.GET_ACCOUNTS
ADDED from src/main/AndroidManifest.xml:21:5-71
	android:name
		ADDED from src/main/AndroidManifest.xml:21:22-68
uses-permission#com.google.android.c2dm.permission.RECEIVE
ADDED from src/main/AndroidManifest.xml:22:5-82
MERGED from [com.google.android.gms:play-services-gcm:8.4.0] AndroidManifest.xml:21:5-82
	android:name
		ADDED from src/main/AndroidManifest.xml:22:22-79
uses-permission#android.permission.READ_EXTERNAL_STORAGE
ADDED from src/main/AndroidManifest.xml:23:5-80
	android:name
		ADDED from src/main/AndroidManifest.xml:23:22-77
uses-permission#android.permission.WRITE_EXTERNAL_STORAGE
ADDED from src/main/AndroidManifest.xml:24:5-81
	android:name
		ADDED from src/main/AndroidManifest.xml:24:22-78
uses-permission#android.permission.SYSTEM_ALERT_WINDOW
ADDED from src/main/AndroidManifest.xml:25:5-78
	android:name
		ADDED from src/main/AndroidManifest.xml:25:22-75
uses-permission#android.permission.ACCESS_LOCATION_EXTRA_COMMANDS
ADDED from src/main/AndroidManifest.xml:26:5-89
	android:name
		ADDED from src/main/AndroidManifest.xml:26:22-86
uses-permission#android.permission.ACCESS_COARSE_LOCATION
ADDED from src/main/AndroidManifest.xml:27:5-81
	android:name
		ADDED from src/main/AndroidManifest.xml:27:22-78
uses-permission#android.permission.ACCESS_FINE_LOCATION
ADDED from src/main/AndroidManifest.xml:28:5-79
	android:name
		ADDED from src/main/AndroidManifest.xml:28:22-76
uses-permission#android.permission.RECEIVE_SMS
ADDED from src/main/AndroidManifest.xml:29:5-70
	android:name
		ADDED from src/main/AndroidManifest.xml:29:22-67
uses-permission#android.permission.SEND_SMS
ADDED from src/main/AndroidManifest.xml:31:5-67
	android:name
		ADDED from src/main/AndroidManifest.xml:31:22-64
uses-permission#android.permission.READ_SYNC_STATS
ADDED from src/main/AndroidManifest.xml:34:5-74
	android:name
		ADDED from src/main/AndroidManifest.xml:34:22-71
uses-permission#android.permission.WRITE_SYNC_SETTINGS
ADDED from src/main/AndroidManifest.xml:36:5-78
	android:name
		ADDED from src/main/AndroidManifest.xml:36:22-75
uses-permission#android.permission.AUTHENTICATE_ACCOUNTS
ADDED from src/main/AndroidManifest.xml:38:5-80
	android:name
		ADDED from src/main/AndroidManifest.xml:38:22-77
uses-permission#com.example.gcm.permission.C2D_MESSAGE
ADDED from src/main/AndroidManifest.xml:50:5-78
	android:name
		ADDED from src/main/AndroidManifest.xml:50:22-75
application
ADDED from src/main/AndroidManifest.xml:53:5-208:19
MERGED from [MTrackerr:lib:unspecified] AndroidManifest.xml:11:5-12:19
MERGED from [com.android.support:appcompat-v7:23.3.0] AndroidManifest.xml:25:5-20
MERGED from [com.android.support:support-vector-drawable:23.3.0] AndroidManifest.xml:7:5-20
MERGED from [com.android.support:support-v4:23.3.0] AndroidManifest.xml:22:5-20
MERGED from [com.android.support:animated-vector-drawable:23.3.0] AndroidManifest.xml:7:5-20
MERGED from [com.android.support:support-vector-drawable:23.3.0] AndroidManifest.xml:7:5-20
MERGED from [com.android.support:support-v4:23.3.0] AndroidManifest.xml:22:5-20
MERGED from [com.android.support:support-v4:23.3.0] AndroidManifest.xml:22:5-20
MERGED from [com.android.support:design:23.3.0] AndroidManifest.xml:22:5-20
MERGED from [com.android.support:appcompat-v7:23.3.0] AndroidManifest.xml:25:5-20
MERGED from [com.android.support:support-vector-drawable:23.3.0] AndroidManifest.xml:7:5-20
MERGED from [com.android.support:support-v4:23.3.0] AndroidManifest.xml:22:5-20
MERGED from [com.android.support:animated-vector-drawable:23.3.0] AndroidManifest.xml:7:5-20
MERGED from [com.android.support:support-vector-drawable:23.3.0] AndroidManifest.xml:7:5-20
MERGED from [com.android.support:support-v4:23.3.0] AndroidManifest.xml:22:5-20
MERGED from [com.android.support:support-v4:23.3.0] AndroidManifest.xml:22:5-20
MERGED from [com.android.support:support-v4:23.3.0] AndroidManifest.xml:22:5-20
MERGED from [com.android.support:support-v4:23.3.0] AndroidManifest.xml:22:5-20
MERGED from [com.android.support:cardview-v7:23.3.0] AndroidManifest.xml:22:5-20
MERGED from [com.android.support:support-v4:23.3.0] AndroidManifest.xml:22:5-20
MERGED from [com.android.support:support-v13:23.3.0] AndroidManifest.xml:22:5-20
MERGED from [com.android.support:support-v4:23.3.0] AndroidManifest.xml:22:5-20
MERGED from [com.google.android.gms:play-services-gcm:8.4.0] AndroidManifest.xml:24:5-20
MERGED from [com.google.android.gms:play-services-basement:8.4.0] AndroidManifest.xml:20:5-24:19
MERGED from [com.android.support:support-v4:23.3.0] AndroidManifest.xml:22:5-20
MERGED from [com.google.android.gms:play-services-measurement:8.4.0] AndroidManifest.xml:26:5-46:19
MERGED from [com.google.android.gms:play-services-basement:8.4.0] AndroidManifest.xml:20:5-24:19
MERGED from [com.android.support:support-v4:23.3.0] AndroidManifest.xml:22:5-20
MERGED from [com.google.android.gms:play-services-location:8.4.0] AndroidManifest.xml:19:5-20
MERGED from [com.google.android.gms:play-services-basement:8.4.0] AndroidManifest.xml:20:5-24:19
MERGED from [com.android.support:support-v4:23.3.0] AndroidManifest.xml:22:5-20
MERGED from [com.google.android.gms:play-services-maps:8.4.0] AndroidManifest.xml:27:5-20
MERGED from [com.google.android.gms:play-services-basement:8.4.0] AndroidManifest.xml:20:5-24:19
MERGED from [com.android.support:support-v4:23.3.0] AndroidManifest.xml:22:5-20
MERGED from [de.hdodenhof:circleimageview:2.0.0] AndroidManifest.xml:9:5-20
MERGED from [com.getbase:floatingactionbutton:1.10.0] AndroidManifest.xml:12:5-20
	android:label
		ADDED from src/main/AndroidManifest.xml:57:9-41
	android:supportsRtl
		ADDED from src/main/AndroidManifest.xml:59:9-35
	android:allowBackup
		ADDED from src/main/AndroidManifest.xml:55:9-35
	android:icon
		ADDED from src/main/AndroidManifest.xml:56:9-43
	android:largeHeap
		ADDED from src/main/AndroidManifest.xml:58:9-33
	android:theme
		ADDED from src/main/AndroidManifest.xml:60:9-47
	android:name
		ADDED from src/main/AndroidManifest.xml:54:9-54
activity#vmc.in.mrecorder.activity.ContactsActivity
ADDED from src/main/AndroidManifest.xml:61:9-70:20
	android:screenOrientation
		ADDED from src/main/AndroidManifest.xml:65:13-49
	android:label
		ADDED from src/main/AndroidManifest.xml:63:13-44
	android:parentActivityName
		ADDED from src/main/AndroidManifest.xml:64:13-56
	android:theme
		ADDED from src/main/AndroidManifest.xml:66:13-51
	android:name
		ADDED from src/main/AndroidManifest.xml:62:13-54
meta-data#android.support.PARENT_ACTIVITY
ADDED from src/main/AndroidManifest.xml:67:13-69:66
	android:value
		ADDED from src/main/AndroidManifest.xml:69:17-63
	android:name
		ADDED from src/main/AndroidManifest.xml:68:17-63
provider#vmc.in.mrecorder.provider.FeedProvider
ADDED from src/main/AndroidManifest.xml:72:9-75:40
	android:authorities
		ADDED from src/main/AndroidManifest.xml:74:13-51
	android:exported
		ADDED from src/main/AndroidManifest.xml:75:13-37
	android:name
		ADDED from src/main/AndroidManifest.xml:73:13-50
service#vmc.in.mrecorder.service.SyncService
ADDED from src/main/AndroidManifest.xml:81:9-96:19
	android:exported
		ADDED from src/main/AndroidManifest.xml:83:13-36
	android:name
		ADDED from src/main/AndroidManifest.xml:82:13-48
intent-filter#android.content.SyncAdapter
ADDED from src/main/AndroidManifest.xml:89:13-91:29
action#android.content.SyncAdapter
ADDED from src/main/AndroidManifest.xml:90:17-70
	android:name
		ADDED from src/main/AndroidManifest.xml:90:25-67
meta-data#android.content.SyncAdapter
ADDED from src/main/AndroidManifest.xml:93:13-95:55
	android:resource
		ADDED from src/main/AndroidManifest.xml:95:17-52
	android:name
		ADDED from src/main/AndroidManifest.xml:94:17-59
service#vmc.in.mrecorder.accounts.GenericAccountService
ADDED from src/main/AndroidManifest.xml:97:9-107:19
	android:name
		ADDED from src/main/AndroidManifest.xml:97:18-64
intent-filter#android.accounts.AccountAuthenticator
ADDED from src/main/AndroidManifest.xml:100:13-102:29
action#android.accounts.AccountAuthenticator
ADDED from src/main/AndroidManifest.xml:101:17-80
	android:name
		ADDED from src/main/AndroidManifest.xml:101:25-77
meta-data#android.accounts.AccountAuthenticator
ADDED from src/main/AndroidManifest.xml:104:13-106:57
	android:resource
		ADDED from src/main/AndroidManifest.xml:106:17-54
	android:name
		ADDED from src/main/AndroidManifest.xml:105:17-69
service#vmc.in.mrecorder.service.CallRecorderServiceAll
ADDED from src/main/AndroidManifest.xml:108:9-110:51
	android:protectionLevel
		ADDED from src/main/AndroidManifest.xml:110:13-48
	android:name
		ADDED from src/main/AndroidManifest.xml:109:13-59
receiver#vmc.in.mrecorder.receiver.BootBroadcastReceiver
ADDED from src/main/AndroidManifest.xml:112:9-119:20
	android:enabled
		ADDED from src/main/AndroidManifest.xml:114:13-35
	android:exported
		ADDED from src/main/AndroidManifest.xml:115:13-37
	android:name
		ADDED from src/main/AndroidManifest.xml:113:13-59
intent-filter#android.intent.action.BOOT_COMPLETED
ADDED from src/main/AndroidManifest.xml:116:13-118:29
action#android.intent.action.BOOT_COMPLETED
ADDED from src/main/AndroidManifest.xml:117:17-79
	android:name
		ADDED from src/main/AndroidManifest.xml:117:25-76
receiver#vmc.in.mrecorder.receiver.IncomingSms
ADDED from src/main/AndroidManifest.xml:120:9-124:20
	android:name
		ADDED from src/main/AndroidManifest.xml:120:19-55
intent-filter#android.provider.Telephony.SMS_RECEIVED
ADDED from src/main/AndroidManifest.xml:121:13-123:29
action#android.provider.Telephony.SMS_RECEIVED
ADDED from src/main/AndroidManifest.xml:122:17-82
	android:name
		ADDED from src/main/AndroidManifest.xml:122:25-79
receiver#vmc.in.mrecorder.receiver.PhoneStateReceiver
ADDED from src/main/AndroidManifest.xml:125:9-129:20
	android:name
		ADDED from src/main/AndroidManifest.xml:125:19-62
intent-filter#android.intent.action.PHONE_STATE
ADDED from src/main/AndroidManifest.xml:126:13-128:29
action#android.intent.action.PHONE_STATE
ADDED from src/main/AndroidManifest.xml:127:17-76
	android:name
		ADDED from src/main/AndroidManifest.xml:127:25-73
activity#vmc.in.mrecorder.activity.Welcome
ADDED from src/main/AndroidManifest.xml:131:9-141:20
	android:screenOrientation
		ADDED from src/main/AndroidManifest.xml:134:13-49
	android:noHistory
		ADDED from src/main/AndroidManifest.xml:133:13-37
	android:theme
		ADDED from src/main/AndroidManifest.xml:135:13-51
	android:name
		ADDED from src/main/AndroidManifest.xml:132:13-45
intent-filter#android.intent.action.MAIN+android.intent.category.LAUNCHER
ADDED from src/main/AndroidManifest.xml:136:13-140:29
action#android.intent.action.MAIN
ADDED from src/main/AndroidManifest.xml:137:17-69
	android:name
		ADDED from src/main/AndroidManifest.xml:137:25-66
category#android.intent.category.LAUNCHER
ADDED from src/main/AndroidManifest.xml:139:17-77
	android:name
		ADDED from src/main/AndroidManifest.xml:139:27-74
activity#vmc.in.mrecorder.activity.Login
ADDED from src/main/AndroidManifest.xml:142:9-146:54
	android:screenOrientation
		ADDED from src/main/AndroidManifest.xml:145:13-49
	android:noHistory
		ADDED from src/main/AndroidManifest.xml:144:13-37
	android:theme
		ADDED from src/main/AndroidManifest.xml:146:13-51
	android:name
		ADDED from src/main/AndroidManifest.xml:143:13-43
activity#vmc.in.mrecorder.activity.Home
ADDED from src/main/AndroidManifest.xml:147:9-151:54
	android:screenOrientation
		ADDED from src/main/AndroidManifest.xml:150:13-49
	android:label
		ADDED from src/main/AndroidManifest.xml:149:13-56
	android:theme
		ADDED from src/main/AndroidManifest.xml:151:13-51
	android:name
		ADDED from src/main/AndroidManifest.xml:148:13-42
activity#vmc.in.mrecorder.activity.SignupActivity
ADDED from src/main/AndroidManifest.xml:152:9-156:54
	android:screenOrientation
		ADDED from src/main/AndroidManifest.xml:155:13-49
	android:noHistory
		ADDED from src/main/AndroidManifest.xml:154:13-37
	android:theme
		ADDED from src/main/AndroidManifest.xml:156:13-51
	android:name
		ADDED from src/main/AndroidManifest.xml:153:13-52
activity#vmc.in.mrecorder.activity.ForgotPasword
ADDED from src/main/AndroidManifest.xml:157:9-161:54
	android:screenOrientation
		ADDED from src/main/AndroidManifest.xml:160:13-49
	android:noHistory
		ADDED from src/main/AndroidManifest.xml:159:13-37
	android:theme
		ADDED from src/main/AndroidManifest.xml:161:13-51
	android:name
		ADDED from src/main/AndroidManifest.xml:158:13-51
service#vmc.in.mrecorder.gcm.PushNotificationService
ADDED from src/main/AndroidManifest.xml:163:9-169:19
	android:exported
		ADDED from src/main/AndroidManifest.xml:165:13-37
	android:name
		ADDED from src/main/AndroidManifest.xml:164:13-56
intent-filter#com.google.android.c2dm.intent.RECEIVE
ADDED from src/main/AndroidManifest.xml:166:13-168:29
action#com.google.android.c2dm.intent.RECEIVE
ADDED from src/main/AndroidManifest.xml:167:17-81
	android:name
		ADDED from src/main/AndroidManifest.xml:167:25-78
receiver#com.google.android.gms.gcm.GcmReceiver
ADDED from src/main/AndroidManifest.xml:171:9-180:20
	android:exported
		ADDED from src/main/AndroidManifest.xml:173:13-36
	android:permission
		ADDED from src/main/AndroidManifest.xml:174:13-73
	android:name
		ADDED from src/main/AndroidManifest.xml:172:13-66
intent-filter#com.google.android.c2dm.intent.RECEIVE+vmc.in.mrecorder
ADDED from src/main/AndroidManifest.xml:175:13-179:29
category#vmc.in.mrecorder
ADDED from src/main/AndroidManifest.xml:178:17-61
	android:name
		ADDED from src/main/AndroidManifest.xml:178:27-58
meta-data#com.google.android.gms.version
ADDED from src/main/AndroidManifest.xml:182:9-184:69
MERGED from [com.google.android.gms:play-services-basement:8.4.0] AndroidManifest.xml:21:9-23:69
MERGED from [com.google.android.gms:play-services-basement:8.4.0] AndroidManifest.xml:21:9-23:69
MERGED from [com.google.android.gms:play-services-basement:8.4.0] AndroidManifest.xml:21:9-23:69
MERGED from [com.google.android.gms:play-services-basement:8.4.0] AndroidManifest.xml:21:9-23:69
	android:value
		ADDED from src/main/AndroidManifest.xml:184:13-66
	android:name
		ADDED from src/main/AndroidManifest.xml:183:13-58
activity#vmc.in.mrecorder.activity.Feedback
ADDED from src/main/AndroidManifest.xml:186:9-191:54
	android:screenOrientation
		ADDED from src/main/AndroidManifest.xml:190:13-49
	android:label
		ADDED from src/main/AndroidManifest.xml:188:13-60
	android:parentActivityName
		ADDED from src/main/AndroidManifest.xml:189:13-56
	android:theme
		ADDED from src/main/AndroidManifest.xml:191:13-51
	android:name
		ADDED from src/main/AndroidManifest.xml:187:13-46
activity#vmc.in.mrecorder.activity.Settings
ADDED from src/main/AndroidManifest.xml:192:9-197:54
	android:screenOrientation
		ADDED from src/main/AndroidManifest.xml:196:13-49
	android:label
		ADDED from src/main/AndroidManifest.xml:194:13-60
	android:parentActivityName
		ADDED from src/main/AndroidManifest.xml:195:13-56
	android:theme
		ADDED from src/main/AndroidManifest.xml:197:13-51
	android:name
		ADDED from src/main/AndroidManifest.xml:193:13-46
activity#vmc.in.mrecorder.activity.AnalyticsByType
ADDED from src/main/AndroidManifest.xml:199:9-201:58
	android:parentActivityName
		ADDED from src/main/AndroidManifest.xml:201:13-56
	android:theme
		ADDED from src/main/AndroidManifest.xml:200:13-51
	android:name
		ADDED from src/main/AndroidManifest.xml:199:19-59
activity#vmc.in.mrecorder.activity.AnalyticsByEmp
ADDED from src/main/AndroidManifest.xml:203:9-207:20
	android:parentActivityName
		ADDED from src/main/AndroidManifest.xml:205:13-56
	android:theme
		ADDED from src/main/AndroidManifest.xml:204:13-51
	android:name
		ADDED from src/main/AndroidManifest.xml:203:19-58
uses-sdk
INJECTED from src/main/AndroidManifest.xml reason: use-sdk injection requested
MERGED from [com.android.support:multidex:1.0.1] AndroidManifest.xml:18:5-42
MERGED from [MTrackerr:lib:unspecified] AndroidManifest.xml:7:5-9:41
MERGED from [com.android.support:appcompat-v7:23.3.0] AndroidManifest.xml:21:5-23:78
MERGED from [com.android.support:support-vector-drawable:23.3.0] AndroidManifest.xml:5:5-43
MERGED from [com.android.support:support-v4:23.3.0] AndroidManifest.xml:20:5-43
MERGED from [com.android.support:animated-vector-drawable:23.3.0] AndroidManifest.xml:5:5-44
MERGED from [com.android.support:support-vector-drawable:23.3.0] AndroidManifest.xml:5:5-43
MERGED from [com.android.support:support-v4:23.3.0] AndroidManifest.xml:20:5-43
MERGED from [com.android.support:support-v4:23.3.0] AndroidManifest.xml:20:5-43
MERGED from [com.android.support:design:23.3.0] AndroidManifest.xml:20:5-43
MERGED from [com.android.support:appcompat-v7:23.3.0] AndroidManifest.xml:21:5-23:78
MERGED from [com.android.support:support-vector-drawable:23.3.0] AndroidManifest.xml:5:5-43
MERGED from [com.android.support:support-v4:23.3.0] AndroidManifest.xml:20:5-43
MERGED from [com.android.support:animated-vector-drawable:23.3.0] AndroidManifest.xml:5:5-44
MERGED from [com.android.support:support-vector-drawable:23.3.0] AndroidManifest.xml:5:5-43
MERGED from [com.android.support:support-v4:23.3.0] AndroidManifest.xml:20:5-43
MERGED from [com.android.support:support-v4:23.3.0] AndroidManifest.xml:20:5-43
MERGED from [com.android.support:support-v4:23.3.0] AndroidManifest.xml:20:5-43
MERGED from [com.android.support:recyclerview-v7:23.3.0] AndroidManifest.xml:20:5-43
MERGED from [com.android.support:support-v4:23.3.0] AndroidManifest.xml:20:5-43
MERGED from [com.android.support:cardview-v7:23.3.0] AndroidManifest.xml:20:5-43
MERGED from [com.android.support:recyclerview-v7:23.3.0] AndroidManifest.xml:20:5-43
MERGED from [com.android.support:support-v4:23.3.0] AndroidManifest.xml:20:5-43
MERGED from [com.android.support:support-v13:23.3.0] AndroidManifest.xml:20:5-44
MERGED from [com.android.support:support-v4:23.3.0] AndroidManifest.xml:20:5-43
MERGED from [com.google.android.gms:play-services-gcm:8.4.0] AndroidManifest.xml:18:5-42
MERGED from [com.google.android.gms:play-services-base:8.4.0] AndroidManifest.xml:18:5-42
MERGED from [com.google.android.gms:play-services-basement:8.4.0] AndroidManifest.xml:18:5-42
MERGED from [com.android.support:support-v4:23.3.0] AndroidManifest.xml:20:5-43
MERGED from [com.google.android.gms:play-services-measurement:8.4.0] AndroidManifest.xml:18:5-42
MERGED from [com.google.android.gms:play-services-basement:8.4.0] AndroidManifest.xml:18:5-42
MERGED from [com.android.support:support-v4:23.3.0] AndroidManifest.xml:20:5-43
MERGED from [com.google.android.gms:play-services-location:8.4.0] AndroidManifest.xml:18:5-42
MERGED from [com.google.android.gms:play-services-base:8.4.0] AndroidManifest.xml:18:5-42
MERGED from [com.google.android.gms:play-services-basement:8.4.0] AndroidManifest.xml:18:5-42
MERGED from [com.android.support:support-v4:23.3.0] AndroidManifest.xml:20:5-43
MERGED from [com.google.android.gms:play-services-maps:8.4.0] AndroidManifest.xml:26:5-42
MERGED from [com.google.android.gms:play-services-base:8.4.0] AndroidManifest.xml:18:5-42
MERGED from [com.google.android.gms:play-services-basement:8.4.0] AndroidManifest.xml:18:5-42
MERGED from [com.android.support:support-v4:23.3.0] AndroidManifest.xml:20:5-43
MERGED from [de.hdodenhof:circleimageview:2.0.0] AndroidManifest.xml:5:5-7:41
MERGED from [com.getbase:floatingactionbutton:1.10.0] AndroidManifest.xml:8:5-10:41
	tools:overrideLibrary
		ADDED from [com.android.support:appcompat-v7:23.3.0] AndroidManifest.xml:23:9-75
	android:targetSdkVersion
		INJECTED from src/main/AndroidManifest.xml
		INJECTED from src/main/AndroidManifest.xml
	android:minSdkVersion
		INJECTED from src/main/AndroidManifest.xml
		INJECTED from src/main/AndroidManifest.xml
provider#com.google.android.gms.measurement.AppMeasurementContentProvider
ADDED from [com.google.android.gms:play-services-measurement:8.4.0] AndroidManifest.xml:28:7-31:37
	android:authorities
		ADDED from [com.google.android.gms:play-services-measurement:8.4.0] AndroidManifest.xml:29:11-76
	android:exported
		ADDED from [com.google.android.gms:play-services-measurement:8.4.0] AndroidManifest.xml:31:11-35
	android:name
		ADDED from [com.google.android.gms:play-services-measurement:8.4.0] AndroidManifest.xml:30:11-90
receiver#com.google.android.gms.measurement.AppMeasurementReceiver
ADDED from [com.google.android.gms:play-services-measurement:8.4.0] AndroidManifest.xml:33:7-39:18
	android:enabled
		ADDED from [com.google.android.gms:play-services-measurement:8.4.0] AndroidManifest.xml:35:11-33
	android:name
		ADDED from [com.google.android.gms:play-services-measurement:8.4.0] AndroidManifest.xml:34:11-83
intent-filter#com.google.android.gms.measurement.UPLOAD
ADDED from [com.google.android.gms:play-services-measurement:8.4.0] AndroidManifest.xml:36:9-38:25
action#com.google.android.gms.measurement.UPLOAD
ADDED from [com.google.android.gms:play-services-measurement:8.4.0] AndroidManifest.xml:37:11-77
	android:name
		ADDED from [com.google.android.gms:play-services-measurement:8.4.0] AndroidManifest.xml:37:19-75
service#com.google.android.gms.measurement.AppMeasurementService
ADDED from [com.google.android.gms:play-services-measurement:8.4.0] AndroidManifest.xml:41:7-44:37
	android:enabled
		ADDED from [com.google.android.gms:play-services-measurement:8.4.0] AndroidManifest.xml:43:11-33
	android:exported
		ADDED from [com.google.android.gms:play-services-measurement:8.4.0] AndroidManifest.xml:44:11-35
	android:name
		ADDED from [com.google.android.gms:play-services-measurement:8.4.0] AndroidManifest.xml:42:11-82
uses-feature#0x00020000
ADDED from [com.google.android.gms:play-services-maps:8.4.0] AndroidManifest.xml:22:5-24:33
	android:glEsVersion
		ADDED from [com.google.android.gms:play-services-maps:8.4.0] AndroidManifest.xml:23:8-40
	android:required
		ADDED from [com.google.android.gms:play-services-maps:8.4.0] AndroidManifest.xml:24:8-31